<?xml version="1.0" encoding="UTF-8"?>
<!-- Generated by org.testng.reporters.JUnitXMLReporter -->
<testsuite ignored="8" hostname="LAPTOP-6FK0K7HL" failures="0" tests="5" name="Test" time="127.301" errors="0" timestamp="2025-02-14T09:10:12 IST">
  <testcase classname="organizationTest.ToCreateOrgTest" name="toCreateOrgTest_001" time="37.922"/>
  <testcase classname="organizationTest.ToCreateOrgWithChemicalDropdownTest" name="toCreateOrgWithChemicalDropdown_002" time="40.929"/>
  <testcase classname="contactTest.ToCreateContactTest" name="toCreateContact_001" time="50.791"/>
  <testcase classname="organizationTest.ToCreateOrgWithTypeDropdownTest" name="toCreateOrgWithTypeDropdown_003" time="43.219"/>
  <testcase classname="contactTest.ToCreateContactwithOrgTest" name="toCreateContactWithOrgTest_002" time="34.283"/>
  <testcase classname="genericUtility.BaseClass" name="@BeforeSuite bsConfig" time="0.0">
    <ignored/>
  </testcase> <!-- @BeforeSuite bsConfig -->
  <testcase classname="genericUtility.BaseClass" name="@BeforeSuite bsConfig" time="0.0">
    <ignored/>
  </testcase> <!-- @BeforeSuite bsConfig -->
  <testcase classname="genericUtility.BaseClass" name="@BeforeSuite bsConfig" time="0.0">
    <ignored/>
  </testcase> <!-- @BeforeSuite bsConfig -->
  <testcase classname="genericUtility.BaseClass" name="@BeforeSuite bsConfig" time="0.0">
    <ignored/>
  </testcase> <!-- @BeforeSuite bsConfig -->
  <testcase classname="genericUtility.BaseClass" name="@AfterSuite asConfig" time="0.0">
    <ignored/>
  </testcase> <!-- @AfterSuite asConfig -->
  <testcase classname="genericUtility.BaseClass" name="@AfterSuite asConfig" time="0.0">
    <ignored/>
  </testcase> <!-- @AfterSuite asConfig -->
  <testcase classname="genericUtility.BaseClass" name="@AfterSuite asConfig" time="0.0">
    <ignored/>
  </testcase> <!-- @AfterSuite asConfig -->
  <testcase classname="genericUtility.BaseClass" name="@AfterSuite asConfig" time="0.0">
    <ignored/>
  </testcase> <!-- @AfterSuite asConfig -->
</testsuite> <!-- Test -->
