<?xml version="1.0" encoding="UTF-8"?>
<!-- Generated by org.testng.reporters.JUnitXMLReporter -->
<testsuite ignored="2" hostname="LAPTOP-6FK0K7HL" failures="0" tests="2" name="Test1" time="83.67" errors="0" timestamp="2025-02-01T10:30:23 IST">
  <testcase classname="contactTest.ToCreateContactwithOrgTest" name="toCreateContactWithOrgTest_002" time="33.28"/>
  <testcase classname="contactTest.ToCreateContactTest" name="toCreateContact_001" time="23.544"/>
  <testcase classname="genericUtility.BaseClass" name="@BeforeSuite bsConfig" time="0.0">
    <ignored/>
  </testcase> <!-- @BeforeSuite bsConfig -->
  <testcase classname="genericUtility.BaseClass" name="@AfterSuite asConfig" time="0.0">
    <ignored/>
  </testcase> <!-- @AfterSuite asConfig -->
</testsuite> <!-- Test1 -->
