<?xml version="1.0" encoding="UTF-8"?>
<!-- Generated by org.testng.reporters.JUnitXMLReporter -->
<testsuite ignored="4" hostname="LAPTOP-6FK0K7HL" failures="0" tests="3" name="Test2" time="108.08" errors="0" timestamp="2025-02-01T10:30:47 IST">
  <testcase classname="organizationTest.ToCreateOrgWithChemicalDropdown" name="toCreateOrgWithChemicalDropdown_002" time="28.959"/>
  <testcase classname="organizationTest.ToCreateOrgWithTypeDropdown" name="toCreateOrgWithTypeDropdown_003" time="26.776"/>
  <testcase classname="organizationTest.ToCreateOrgTest" name="toCreateOrgTest_001" time="17.866"/>
  <testcase classname="genericUtility.BaseClass" name="@BeforeSuite bsConfig" time="0.0">
    <ignored/>
  </testcase> <!-- @BeforeSuite bsConfig -->
  <testcase classname="genericUtility.BaseClass" name="@BeforeSuite bsConfig" time="0.0">
    <ignored/>
  </testcase> <!-- @BeforeSuite bsConfig -->
  <testcase classname="genericUtility.BaseClass" name="@AfterSuite asConfig" time="0.0">
    <ignored/>
  </testcase> <!-- @AfterSuite asConfig -->
  <testcase classname="genericUtility.BaseClass" name="@AfterSuite asConfig" time="0.0">
    <ignored/>
  </testcase> <!-- @AfterSuite asConfig -->
</testsuite> <!-- Test2 -->
